<?xml version="1.0" encoding="UTF-8"?>
<!-- Generated by org.testng.reporters.JUnitXMLReporter -->
<testsuite ignored="0" hostname="DESKTOP-65LN5J6" failures="0" tests="2" name="Hotel and Ticket Tests" time="10.476" errors="0" timestamp="2025-07-28T12:32:25 IST">
  <testcase classname="io.cucumber.testng.AbstractTestNGCucumberTests" name="runScenario" time="5.102"/>
  <testcase classname="io.cucumber.testng.AbstractTestNGCucumberTests" name="runScenario" time="4.017"/>
</testsuite> <!-- Hotel and Ticket Tests -->
