<?xml version="1.0" encoding="UTF-8"?>
<testng-results ignored="0" total="2" passed="2" failed="0" skipped="0">
  <reporter-output>
  </reporter-output>
  <suite started-at="2025-07-28T12:32:14 IST" name="Full Booking Suite" finished-at="2025-07-28T12:32:25 IST" duration-ms="10476">
    <groups>
      <group name="cucumber">
        <method signature="AbstractTestNGCucumberTests.runScenario(io.cucumber.testng.PickleWrapper,io.cucumber.testng.FeatureWrapper)[pri:0, instance:runners.HotelTestRunner@24aed80c]" name="runScenario" class="io.cucumber.testng.AbstractTestNGCucumberTests"/>
        <method signature="AbstractTestNGCucumberTests.runScenario(io.cucumber.testng.PickleWrapper,io.cucumber.testng.FeatureWrapper)[pri:0, instance:runners.TicketTestRunner@45c7e403]" name="runScenario" class="io.cucumber.testng.AbstractTestNGCucumberTests"/>
      </group> <!-- cucumber -->
    </groups>
    <test started-at="2025-07-28T12:32:14 IST" name="Hotel and Ticket Tests" finished-at="2025-07-28T12:32:25 IST" duration-ms="10476">
      <class name="runners.TicketTestRunner">
        <test-method is-config="true" signature="setUpClass(org.testng.ITestContext)[pri:0, instance:runners.TicketTestRunner@45c7e403]" started-at="2025-07-28T12:32:21 IST" name="setUpClass" finished-at="2025-07-28T12:32:21 IST" duration-ms="25" status="PASS">
          <params>
            <param index="0">
              <value>
                <![CDATA[org.testng.TestRunner@44924587]]>
              </value>
            </param>
          </params>
          <reporter-output>
          </reporter-output>
        </test-method> <!-- setUpClass -->
        <test-method signature="runScenario(io.cucumber.testng.PickleWrapper,io.cucumber.testng.FeatureWrapper)[pri:0, instance:runners.TicketTestRunner@45c7e403]" started-at="2025-07-28T12:32:21 IST" name="runScenario" description="Runs Cucumber Scenarios" data-provider="scenarios" finished-at="2025-07-28T12:32:25 IST" duration-ms="4017" status="PASS">
          <params>
            <param index="0">
              <value>
                <![CDATA["Successful booking form submission with valid details"]]>
              </value>
            </param>
            <param index="1">
              <value>
                <![CDATA["Ticket Booking Form Submission"]]>
              </value>
            </param>
          </params>
          <reporter-output>
          </reporter-output>
        </test-method> <!-- runScenario -->
        <test-method is-config="true" signature="tearDownClass()[pri:0, instance:runners.TicketTestRunner@45c7e403]" started-at="2025-07-28T12:32:25 IST" name="tearDownClass" finished-at="2025-07-28T12:32:25 IST" duration-ms="2" status="PASS">
          <reporter-output>
          </reporter-output>
        </test-method> <!-- tearDownClass -->
      </class> <!-- runners.TicketTestRunner -->
      <class name="runners.HotelTestRunner">
        <test-method is-config="true" signature="setUpClass(org.testng.ITestContext)[pri:0, instance:runners.HotelTestRunner@24aed80c]" started-at="2025-07-28T12:32:14 IST" name="setUpClass" finished-at="2025-07-28T12:32:15 IST" duration-ms="1148" status="PASS">
          <params>
            <param index="0">
              <value>
                <![CDATA[org.testng.TestRunner@44924587]]>
              </value>
            </param>
          </params>
          <reporter-output>
          </reporter-output>
        </test-method> <!-- setUpClass -->
        <test-method signature="runScenario(io.cucumber.testng.PickleWrapper,io.cucumber.testng.FeatureWrapper)[pri:0, instance:runners.HotelTestRunner@24aed80c]" started-at="2025-07-28T12:32:15 IST" name="runScenario" description="Runs Cucumber Scenarios" data-provider="scenarios" finished-at="2025-07-28T12:32:20 IST" duration-ms="5102" status="PASS">
          <params>
            <param index="0">
              <value>
                <![CDATA["Book a hotel successfully"]]>
              </value>
            </param>
            <param index="1">
              <value>
                <![CDATA["Hotel Booking"]]>
              </value>
            </param>
          </params>
          <reporter-output>
          </reporter-output>
        </test-method> <!-- runScenario -->
        <test-method is-config="true" signature="tearDownClass()[pri:0, instance:runners.HotelTestRunner@24aed80c]" started-at="2025-07-28T12:32:20 IST" name="tearDownClass" finished-at="2025-07-28T12:32:21 IST" duration-ms="76" status="PASS">
          <reporter-output>
          </reporter-output>
        </test-method> <!-- tearDownClass -->
      </class> <!-- runners.HotelTestRunner -->
    </test> <!-- Hotel and Ticket Tests -->
  </suite> <!-- Full Booking Suite -->
</testng-results>
